<?xml version="1.0" encoding="UTF-8"?>
<!-- Generated by org.testng.reporters.JUnitReportReporter -->
<testsuite skipped="0" hostname="Loaners-MBP" name="Learning.selniumTest" tests="1" failures="0" timestamp="2020-10-28T18:06:33 IST" time="0.000" errors="0">
  <testcase name="selenium" time="0.000" classname="Learning.selniumTest"/>
  <system-out/>
</testsuite> <!-- Learning.selniumTest -->
