<?xml version="1.0" encoding="UTF-8"?>
<!-- Generated by org.testng.reporters.JUnitReportReporter -->
<testsuite skipped="0" hostname="Loaners-MBP" name="Learning.AppiumTest" tests="1" failures="0" timestamp="2020-10-28T18:06:33 IST" time="0.002" errors="0">
  <testcase name="appium" time="0.002" classname="Learning.AppiumTest"/>
  <system-out/>
</testsuite> <!-- Learning.AppiumTest -->
