<?xml version="1.0" encoding="UTF-8"?>
<!-- Generated by org.testng.reporters.JUnitReportReporter -->
<testsuite skipped="0" hostname="Loaners-MBP" name="Learning.RestassuredTest" tests="1" failures="0" timestamp="2020-10-27T17:46:16 IST" time="0.000" errors="0">
  <testcase name="restapi" time="0.000" classname="Learning.RestassuredTest"/>
  <system-out/>
</testsuite> <!-- Learning.RestassuredTest -->
